<?xml version="1.0" encoding="UTF-8" standalone="no"?>
<testsuite errors="0" failures="14" name="io.cucumber.core.plugin.JUnitFormatter" skipped="0" tests="15" time="192.135">
    <testcase classname="Testing Google search fucntionality" name="Searching Selenium Interview Question in google" time="18.668">
        <failure message="Cannot invoke &quot;org.openqa.selenium.WebDriver.quit()&quot; because &quot;this.driver&quot; is null" type="java.lang.NullPointerException"><![CDATA[Given User is on google search page.........................................passed
When User types Selenium Interview Question in the search input field in google.passed
And user pressed enter button...............................................passed
Then User should navigate to search result page with title Selenium Interview Question on google.passed
And close the browser.......................................................failed

StackTrace:
java.lang.NullPointerException: Cannot invoke "org.openqa.selenium.WebDriver.quit()" because "this.driver" is null
	at stepdef.VtigerLeadStepDef.closeBrowserInstance(VtigerLeadStepDef.java:83)
	at ✽.close the browser(file:///C:/Users/shailesh.j.kumar/eclipse-workspace/30thSepCucumber/src/test/resources/features/GoogleSearch.feature:15)
]]></failure>
    </testcase>
    <testcase classname="Testing Google search fucntionality" name="Searching Manual Interview Question in google" time="24.239">
        <failure message="Cannot invoke &quot;org.openqa.selenium.WebDriver.quit()&quot; because &quot;this.driver&quot; is null" type="java.lang.NullPointerException"><![CDATA[Given User is on google search page.........................................passed
When User types Manual Interview Question in the search input field in google.passed
And user pressed enter button...............................................passed
Then User should navigate to search result page with title Manual Interview Question on google.passed
And close the browser.......................................................failed

StackTrace:
java.lang.NullPointerException: Cannot invoke "org.openqa.selenium.WebDriver.quit()" because "this.driver" is null
	at stepdef.VtigerLeadStepDef.closeBrowserInstance(VtigerLeadStepDef.java:83)
	at ✽.close the browser(file:///C:/Users/shailesh.j.kumar/eclipse-workspace/30thSepCucumber/src/test/resources/features/GoogleSearch.feature:15)
]]></failure>
    </testcase>
    <testcase classname="Testing Google search fucntionality" name="Searching API Interview Question in google" time="20.383">
        <failure message="Cannot invoke &quot;org.openqa.selenium.WebDriver.quit()&quot; because &quot;this.driver&quot; is null" type="java.lang.NullPointerException"><![CDATA[Given User is on google search page.........................................passed
When User types API Interview Question in the search input field in google..passed
And user pressed enter button...............................................passed
Then User should navigate to search result page with title API Interview Question on google.passed
And close the browser.......................................................failed

StackTrace:
java.lang.NullPointerException: Cannot invoke "org.openqa.selenium.WebDriver.quit()" because "this.driver" is null
	at stepdef.VtigerLeadStepDef.closeBrowserInstance(VtigerLeadStepDef.java:83)
	at ✽.close the browser(file:///C:/Users/shailesh.j.kumar/eclipse-workspace/30thSepCucumber/src/test/resources/features/GoogleSearch.feature:15)
]]></failure>
    </testcase>
    <testcase classname="Testing PIM functionality" name="Validate PIM creation" time="0.002">
        <failure message="The scenario has no steps" type="java.lang.Exception"/>
    </testcase>
    <testcase classname="Testing PIM functionality" name="Validate PIM update" time="0.001">
        <failure message="The scenario has no steps" type="java.lang.Exception"/>
    </testcase>
    <testcase classname="Testing PIM functionality" name="Validate PIM deletion" time="0.001">
        <failure message="The scenario has no steps" type="java.lang.Exception"/>
    </testcase>
    <testcase classname="Create Contact in Vtiger application" name="Create new contact and validate it" time="0.001">
        <failure message="The scenario has no steps" type="java.lang.Exception"/>
    </testcase>
    <testcase classname="Create Contact in Vtiger application" name="update contact and validate it" time="0.003">
        <failure message="The scenario has no steps" type="java.lang.Exception"/>
    </testcase>
    <testcase classname="Create Contact in Vtiger application" name="Delete new contact and validate it" time="0.004">
        <failure message="The scenario has no steps" type="java.lang.Exception"/>
    </testcase>
    <testcase classname="Create lead in Vtiger application" name="Create new lead with name as QA" time="49.574">
        <system-out><![CDATA[Given user already in login page............................................passed
And user login successfully with valid data.................................passed
And click on navigation bar.................................................passed
And go to Marketing and select Leads........................................passed
When click on Add Leads button and enter firstname as QA ,last as Champak ,number as 123 and click on save button.passed
And click on All link.......................................................passed
Then varify lead is created with Champak....................................passed
And close the browser.......................................................passed
]]></system-out>
    </testcase>
    <testcase classname="Create lead in Vtiger application" name="Update lead and validate it" time="0.001">
        <failure message="The scenario has no steps" type="java.lang.Exception"/>
    </testcase>
    <testcase classname="Create lead in Vtiger application" name="Delete all leads and validate it" time="78.502">
        <failure message="Expected condition failed: waiting for visibility of Proxy element for: DefaultElementLocator 'By.cssSelector: .emptyRecordsContent' (tried for 20 second(s) with 500 milliseconds interval)" type="org.openqa.selenium.TimeoutException"><![CDATA[Given user already in login page............................................passed
And user login successfully with valid data.................................passed
And click on navigation bar.................................................passed
And go to Marketing and select Leads........................................passed
When click on newly created lead checkbox...................................passed
And click on delete logo....................................................passed
And user will get a popup to comfirm deletion, select Yes...................passed
Then varify that newly created lead QA is deleted...........................failed
And close the browser.......................................................skipped

StackTrace:
org.openqa.selenium.TimeoutException: Expected condition failed: waiting for visibility of Proxy element for: DefaultElementLocator 'By.cssSelector: .emptyRecordsContent' (tried for 20 second(s) with 500 milliseconds interval)
	at org.openqa.selenium.support.ui.WebDriverWait.timeoutException(WebDriverWait.java:84)
	at org.openqa.selenium.support.ui.FluentWait.until(FluentWait.java:229)
	at utilities.SeleniumUtility.waitForElementDisplayed(SeleniumUtility.java:251)
	at utilities.SeleniumUtility.getTextFromElement(SeleniumUtility.java:79)
	at webpages.VtigerLeadsPage.leadSearchResultAfterDeletion(VtigerLeadsPage.java:69)
	at stepdef.VtigerLeadStepDef.validateNewlyCreatedLeadDeletion(VtigerLeadStepDef.java:94)
	at ✽.varify that newly created lead QA is deleted(file:///C:/Users/shailesh.j.kumar/eclipse-workspace/30thSepCucumber/src/test/resources/features/VtigerLead.feature:25)
Caused by: org.openqa.selenium.NoSuchElementException: no such element: Unable to locate element: {"method":"css selector","selector":".emptyRecordsContent"}
  (Session info: MicrosoftEdge=131.0.2903.112)
For documentation on this error, please visit: https://www.selenium.dev/documentation/webdriver/troubleshooting/errors#no-such-element-exception
Build info: version: '4.16.1', revision: '9b4c83354e'
System info: os.name: 'Windows 11', os.arch: 'amd64', os.version: '10.0', java.version: '17.0.9'
Driver info: org.openqa.selenium.edge.EdgeDriver
Command: [0c78afc00323e0ae38ff4f64f7b86202, findElement {using=css selector, value=.emptyRecordsContent}]
Capabilities {acceptInsecureCerts: false, browserName: MicrosoftEdge, browserVersion: 131.0.2903.112, fedcm:accounts: true, ms:edgeOptions: {debuggerAddress: localhost:51644}, msedge: {msedgedriverVersion: 131.0.2903.112 (16ab910a6e7..., userDataDir: C:\WINDOWS\SystemTemp\scope...}, networkConnectionEnabled: false, pageLoadStrategy: normal, platformName: windows, proxy: Proxy(), se:cdp: ws://localhost:51644/devtoo..., se:cdpVersion: 131.0.2903.112, setWindowRect: true, strictFileInteractability: false, timeouts: {implicit: 0, pageLoad: 300000, script: 30000}, unhandledPromptBehavior: dismiss and notify, webauthn:extension:credBlob: true, webauthn:extension:largeBlob: true, webauthn:extension:minPinLength: true, webauthn:extension:prf: true, webauthn:virtualAuthenticators: true}
Session ID: 0c78afc00323e0ae38ff4f64f7b86202
	at java.base/jdk.internal.reflect.NativeConstructorAccessorImpl.newInstance0(Native Method)
	at java.base/jdk.internal.reflect.NativeConstructorAccessorImpl.newInstance(NativeConstructorAccessorImpl.java:77)
	at java.base/jdk.internal.reflect.DelegatingConstructorAccessorImpl.newInstance(DelegatingConstructorAccessorImpl.java:45)
	at java.base/java.lang.reflect.Constructor.newInstanceWithCaller(Constructor.java:499)
	at java.base/java.lang.reflect.Constructor.newInstance(Constructor.java:480)
	at org.openqa.selenium.remote.codec.w3c.W3CHttpResponseCodec.createException(W3CHttpResponseCodec.java:200)
	at org.openqa.selenium.remote.codec.w3c.W3CHttpResponseCodec.decode(W3CHttpResponseCodec.java:133)
	at org.openqa.selenium.remote.codec.w3c.W3CHttpResponseCodec.decode(W3CHttpResponseCodec.java:52)
	at org.openqa.selenium.remote.HttpCommandExecutor.execute(HttpCommandExecutor.java:191)
	at org.openqa.selenium.remote.service.DriverCommandExecutor.invokeExecute(DriverCommandExecutor.java:200)
	at org.openqa.selenium.remote.service.DriverCommandExecutor.execute(DriverCommandExecutor.java:175)
	at org.openqa.selenium.remote.RemoteWebDriver.execute(RemoteWebDriver.java:523)
	at org.openqa.selenium.remote.ElementLocation$ElementFinder$2.findElement(ElementLocation.java:165)
	at org.openqa.selenium.remote.ElementLocation.findElement(ElementLocation.java:59)
	at org.openqa.selenium.remote.RemoteWebDriver.findElement(RemoteWebDriver.java:360)
	at org.openqa.selenium.remote.RemoteWebDriver.findElement(RemoteWebDriver.java:354)
	at org.openqa.selenium.support.pagefactory.DefaultElementLocator.findElement(DefaultElementLocator.java:68)
	at org.openqa.selenium.support.pagefactory.internal.LocatingElementHandler.invoke(LocatingElementHandler.java:38)
	at jdk.proxy2/jdk.proxy2.$Proxy23.isDisplayed(Unknown Source)
	at org.openqa.selenium.support.ui.ExpectedConditions.elementIfVisible(ExpectedConditions.java:304)
	at org.openqa.selenium.support.ui.ExpectedConditions$10.apply(ExpectedConditions.java:290)
	at org.openqa.selenium.support.ui.ExpectedConditions$10.apply(ExpectedConditions.java:287)
	at org.openqa.selenium.support.ui.FluentWait.until(FluentWait.java:204)
	at utilities.SeleniumUtility.waitForElementDisplayed(SeleniumUtility.java:251)
	at utilities.SeleniumUtility.getTextFromElement(SeleniumUtility.java:79)
	at webpages.VtigerLeadsPage.leadSearchResultAfterDeletion(VtigerLeadsPage.java:69)
	at stepdef.VtigerLeadStepDef.validateNewlyCreatedLeadDeletion(VtigerLeadStepDef.java:94)
	at java.base/jdk.internal.reflect.NativeMethodAccessorImpl.invoke0(Native Method)
	at java.base/jdk.internal.reflect.NativeMethodAccessorImpl.invoke(NativeMethodAccessorImpl.java:77)
	at java.base/jdk.internal.reflect.DelegatingMethodAccessorImpl.invoke(DelegatingMethodAccessorImpl.java:43)
	at java.base/java.lang.reflect.Method.invoke(Method.java:568)
	at io.cucumber.java.Invoker.doInvoke(Invoker.java:66)
	at io.cucumber.java.Invoker.invoke(Invoker.java:24)
	at io.cucumber.java.AbstractGlueDefinition.invokeMethod(AbstractGlueDefinition.java:47)
	at io.cucumber.java.JavaStepDefinition.execute(JavaStepDefinition.java:29)
	at io.cucumber.core.runner.CoreStepDefinition.execute(CoreStepDefinition.java:66)
	at io.cucumber.core.runner.PickleStepDefinitionMatch.runStep(PickleStepDefinitionMatch.java:63)
	at io.cucumber.core.runner.ExecutionMode$1.execute(ExecutionMode.java:10)
	at io.cucumber.core.runner.TestStep.executeStep(TestStep.java:92)
	at io.cucumber.core.runner.TestStep.run(TestStep.java:64)
	at io.cucumber.core.runner.PickleStepTestStep.run(PickleStepTestStep.java:51)
	at io.cucumber.core.runner.TestCase.run(TestCase.java:104)
	at io.cucumber.core.runner.Runner.runPickle(Runner.java:71)
	at io.cucumber.testng.TestNGCucumberRunner.lambda$runScenario$0(TestNGCucumberRunner.java:116)
	at io.cucumber.core.runtime.CucumberExecutionContext.runTestCase(CucumberExecutionContext.java:117)
	at io.cucumber.testng.TestNGCucumberRunner.runScenario(TestNGCucumberRunner.java:113)
	at io.cucumber.testng.AbstractTestNGCucumberTests.runScenario(AbstractTestNGCucumberTests.java:31)
	at java.base/jdk.internal.reflect.NativeMethodAccessorImpl.invoke0(Native Method)
	at java.base/jdk.internal.reflect.NativeMethodAccessorImpl.invoke(NativeMethodAccessorImpl.java:77)
	at java.base/jdk.internal.reflect.DelegatingMethodAccessorImpl.invoke(DelegatingMethodAccessorImpl.java:43)
	at java.base/java.lang.reflect.Method.invoke(Method.java:568)
	at org.testng.internal.MethodInvocationHelper.invokeMethod(MethodInvocationHelper.java:133)
	at org.testng.internal.TestInvoker.invokeMethod(TestInvoker.java:598)
	at org.testng.internal.TestInvoker.invokeTestMethod(TestInvoker.java:173)
	at org.testng.internal.MethodRunner.runInSequence(MethodRunner.java:46)
	at org.testng.internal.TestInvoker$MethodInvocationAgent.invoke(TestInvoker.java:824)
	at org.testng.internal.TestInvoker.invokeTestMethods(TestInvoker.java:146)
	at org.testng.internal.TestMethodWorker.invokeTestMethods(TestMethodWorker.java:146)
	at org.testng.internal.TestMethodWorker.run(TestMethodWorker.java:128)
	at java.base/java.util.ArrayList.forEach(ArrayList.java:1511)
	at org.testng.TestRunner.privateRun(TestRunner.java:794)
	at org.testng.TestRunner.run(TestRunner.java:596)
	at org.testng.SuiteRunner.runTest(SuiteRunner.java:377)
	at org.testng.SuiteRunner.runSequentially(SuiteRunner.java:371)
	at org.testng.SuiteRunner.privateRun(SuiteRunner.java:332)
	at org.testng.SuiteRunner.run(SuiteRunner.java:276)
	at org.testng.SuiteRunnerWorker.runSuite(SuiteRunnerWorker.java:53)
	at org.testng.SuiteRunnerWorker.run(SuiteRunnerWorker.java:96)
	at org.testng.TestNG.runSuitesSequentially(TestNG.java:1212)
	at org.testng.TestNG.runSuitesLocally(TestNG.java:1134)
	at org.testng.TestNG.runSuites(TestNG.java:1063)
	at org.testng.TestNG.run(TestNG.java:1031)
	at org.testng.remote.AbstractRemoteTestNG.run(AbstractRemoteTestNG.java:115)
	at org.testng.remote.RemoteTestNG.initAndRun(RemoteTestNG.java:251)
	at org.testng.remote.RemoteTestNG.main(RemoteTestNG.java:77)
]]></failure>
    </testcase>
    <testcase classname="Create Contact in Vtiger application" name="Create new Organization and validate it" time="0.001">
        <failure message="The scenario has no steps" type="java.lang.Exception"/>
    </testcase>
    <testcase classname="Create Contact in Vtiger application" name="update Organization and validate it" time="0.001">
        <failure message="The scenario has no steps" type="java.lang.Exception"/>
    </testcase>
    <testcase classname="Create Contact in Vtiger application" name="Delete Organization and validate it" time="0">
        <failure message="The scenario has no steps" type="java.lang.Exception"/>
    </testcase>
</testsuite>
